<?xml version="1.0" encoding="UTF-8"?>
<testsuite xmlns:xsi="http://www.w3.org/2001/XMLSchema-instance" xsi:noNamespaceSchemaLocation="https://maven.apache.org/surefire/maven-surefire-plugin/xsd/surefire-test-report.xsd" name="com.vodafone.iot.gdsp.demoCICD.repository.SampleEntityRepositoryTests" time="0.103" tests="3" errors="0" skipped="0" failures="0">
  <properties>
[...]
</properties>
  <testcase name="getEntityTest" classname="com.vodafone.iot.gdsp.demoCICD.repository.SampleEntityRepositoryTests" time="0.015"/>
  <testcase name="creatEntityTest" classname="com.vodafone.iot.gdsp.demoCICD.repository.SampleEntityRepositoryTests" time="0.017"/>
  <testcase name="deleteEntityTest" classname="com.vodafone.iot.gdsp.demoCICD.repository.SampleEntityRepositoryTests" time="0.027"/>
</testsuite>